<?xml version="1.0" encoding="UTF-8"?>
<!-- Generated by org.testng.reporters.JUnitReportReporter -->
<testsuite hostname="Abdallahs-MacBook-Air.local" failures="0" tests="3" name="com.cartify.tests.LoginTest" time="11.798" errors="0" timestamp="2025-11-22T03:51:03 EET" skipped="0">
  <testcase classname="com.cartify.tests.LoginTest" name="testPasswordCaseSensitivity" time="3.791"/>
  <testcase classname="com.cartify.tests.LoginTest" name="testNonExistentUser" time="6.217"/>
  <testcase classname="com.cartify.tests.LoginTest" name="testIncorrectPassword" time="1.790"/>
</testsuite> <!-- com.cartify.tests.LoginTest -->
