<?xml version="1.0" encoding="UTF-8"?>
<!-- Generated by org.testng.reporters.JUnitReportReporter -->
<testsuite hostname="Abdallahs-MacBook-Air.local" failures="0" tests="4" name="com.cartify.tests.ProductTest" time="28.213" errors="0" timestamp="2025-11-22T03:51:03 EET" skipped="0">
  <testcase classname="com.cartify.tests.ProductTest" name="testSearchFunctionality" time="5.835"/>
  <testcase classname="com.cartify.tests.ProductTest" name="testLoadProductsPage" time="3.691"/>
  <testcase classname="com.cartify.tests.ProductTest" name="testEmptyState" time="14.247"/>
  <testcase classname="com.cartify.tests.ProductTest" name="testSortByPrice" time="4.440"/>
</testsuite> <!-- com.cartify.tests.ProductTest -->
